<?xml version="1.0" encoding="UTF-8"?>
<!-- Generated by org.testng.reporters.JUnitXMLReporter -->
<testsuite hostname="ION64-2017-PC" ignored="0" name="Test" tests="6" failures="0" timestamp="2019-11-22T13:27:25 MST" time="0.083" errors="0">
  <testcase name="deleteTwitter" time="0.014" classname="Maven_Training.RESTAPITest"/>
  <testcase name="postJira" time="0.002" classname="Maven_Training.RESTAPITest"/>
  <testcase name="IOSApps" time="0.002" classname="Maven_Training.AppiumTest"/>
  <testcase name="NativeAppAndroid" time="0.003" classname="Maven_Training.AppiumTest"/>
  <testcase name="BrowserAUtomation" time="0.002" classname="Maven_Training.SeleniumTest"/>
  <testcase name="elementsUi" time="0.0" classname="Maven_Training.SeleniumTest"/>
</testsuite> <!-- Test -->
