<?xml version="1.0" encoding="UTF-8"?>
<testng-results skipped="0" failed="0" ignored="0" total="1" passed="1">
  <reporter-output>
  </reporter-output>
  <suite name="Default suite" duration-ms="26223" started-at="2019-12-04T15:48:23 MST" finished-at="2019-12-04T15:48:49 MST">
    <groups>
    </groups>
    <test name="Default test" duration-ms="26223" started-at="2019-12-04T15:48:23 MST" finished-at="2019-12-04T15:48:49 MST">
      <class name="TestCases.Loginapplication">
        <test-method status="PASS" signature="Login()[pri:0, instance:TestCases.Loginapplication@56235b8e]" name="Login" duration-ms="26197" started-at="2019-12-04T15:48:23 MST" finished-at="2019-12-04T15:48:49 MST">
          <reporter-output>
          </reporter-output>
        </test-method> <!-- Login -->
      </class> <!-- TestCases.Loginapplication -->
    </test> <!-- Default test -->
  </suite> <!-- Default suite -->
</testng-results>
