<?xml version="1.0" encoding="UTF-8"?>
<testng-results skipped="0" failed="0" ignored="0" total="6" passed="6">
  <reporter-output>
  </reporter-output>
  <suite name="Suite" duration-ms="83" started-at="2019-11-22T13:27:25 MST" finished-at="2019-11-22T13:27:25 MST">
    <groups>
    </groups>
    <test name="Test" duration-ms="83" started-at="2019-11-22T13:27:25 MST" finished-at="2019-11-22T13:27:25 MST">
      <class name="Maven_Training.RESTAPITest">
        <test-method status="PASS" signature="deleteTwitter()[pri:0, instance:Maven_Training.RESTAPITest@4b14c583]" name="deleteTwitter" duration-ms="14" started-at="2019-11-22T13:27:25 MST" finished-at="2019-11-22T13:27:25 MST">
          <reporter-output>
          </reporter-output>
        </test-method> <!-- deleteTwitter -->
        <test-method status="PASS" signature="postJira()[pri:0, instance:Maven_Training.RESTAPITest@4b14c583]" name="postJira" duration-ms="2" started-at="2019-11-22T13:27:25 MST" finished-at="2019-11-22T13:27:25 MST">
          <reporter-output>
          </reporter-output>
        </test-method> <!-- postJira -->
      </class> <!-- Maven_Training.RESTAPITest -->
      <class name="Maven_Training.AppiumTest">
        <test-method status="PASS" signature="IOSApps()[pri:0, instance:Maven_Training.AppiumTest@65466a6a]" name="IOSApps" duration-ms="2" started-at="2019-11-22T13:27:25 MST" finished-at="2019-11-22T13:27:25 MST">
          <reporter-output>
          </reporter-output>
        </test-method> <!-- IOSApps -->
        <test-method status="PASS" signature="NativeAppAndroid()[pri:0, instance:Maven_Training.AppiumTest@65466a6a]" name="NativeAppAndroid" duration-ms="3" started-at="2019-11-22T13:27:25 MST" finished-at="2019-11-22T13:27:25 MST">
          <reporter-output>
          </reporter-output>
        </test-method> <!-- NativeAppAndroid -->
      </class> <!-- Maven_Training.AppiumTest -->
      <class name="Maven_Training.SeleniumTest">
        <test-method status="PASS" signature="BrowserAUtomation()[pri:0, instance:Maven_Training.SeleniumTest@4ddced80]" name="BrowserAUtomation" duration-ms="2" started-at="2019-11-22T13:27:25 MST" finished-at="2019-11-22T13:27:25 MST">
          <reporter-output>
          </reporter-output>
        </test-method> <!-- BrowserAUtomation -->
        <test-method status="PASS" signature="elementsUi()[pri:0, instance:Maven_Training.SeleniumTest@4ddced80]" name="elementsUi" duration-ms="0" started-at="2019-11-22T13:27:25 MST" finished-at="2019-11-22T13:27:25 MST">
          <reporter-output>
          </reporter-output>
        </test-method> <!-- elementsUi -->
      </class> <!-- Maven_Training.SeleniumTest -->
    </test> <!-- Test -->
  </suite> <!-- Suite -->
</testng-results>
