<?xml version="1.0" encoding="UTF-8"?>
<testng-results skipped="0" failed="0" ignored="0" total="0" passed="0">
  <reporter-output>
  </reporter-output>
  <suite name="Default suite" duration-ms="8" started-at="2019-12-07T20:28:32 MST" finished-at="2019-12-07T20:28:32 MST">
    <groups>
    </groups>
    <test name="Default test" duration-ms="8" started-at="2019-12-07T20:28:32 MST" finished-at="2019-12-07T20:28:32 MST">
    </test> <!-- Default test -->
  </suite> <!-- Default suite -->
</testng-results>
