<?xml version="1.0" encoding="UTF-8"?>
<!-- Generated by org.testng.reporters.JUnitXMLReporter -->
<testsuite hostname="ION64-2017-PC" ignored="0" name="Default test" tests="3" failures="0" timestamp="08 Dec 2019 21:39:49 GMT" time="26.229" errors="0">
  <testcase name="basePageNavigation" time="14.83" classname="Academy.HomePage2"/>
  <testcase name="basePageNavigation" time="5.239" classname="Academy.HomePage2"/>
  <testcase name="printUsersInfo" time="0.0" classname="Academy.HomePage2"/>
</testsuite> <!-- Default test -->
